{
  "stats": {
    "suites": 1,
    "tests": 1,
    "passes": 1,
    "pending": 0,
    "failures": 0,
    "start": "2025-11-10T00:58:36.797Z",
    "end": "2025-11-10T00:58:41.157Z",
    "duration": 4360,
    "testsRegistered": 1,
    "passPercent": 100,
    "pendingPercent": 0,
    "other": 0,
    "hasOther": false,
    "skipped": 0,
    "hasSkipped": false
  },
  "results": [
    {
      "uuid": "2000d56a-b0ea-4c53-8180-553c6d866cc7",
      "title": "",
      "fullFile": "cypress/e2e/teste-login.cy.js",
      "file": "cypress/e2e/teste-login.cy.js",
      "beforeHooks": [],
      "afterHooks": [],
      "tests": [],
      "suites": [
        {
          "uuid": "5d6dfe64-4859-488a-932b-ce98872b7e34",
          "title": "Teste de cadastro",
          "fullFile": "",
          "file": "",
          "beforeHooks": [],
          "afterHooks": [],
          "tests": [
            {
              "title": "Deve realizar cadastro corretamente na página do AdoPet",
              "fullTitle": "Teste de cadastro Deve realizar cadastro corretamente na página do AdoPet",
              "timedOut": null,
              "duration": 4199,
              "state": "passed",
              "speed": "fast",
              "pass": true,
              "fail": false,
              "pending": false,
              "context": null,
              "code": "cy.visit('https://adopet-frontend-cypress.vercel.app');\ncy.contains('Cadastrar').click();\nconst emailUnico = this.data.usuarioValido.email.replace('@', `+${Date.now()}@`);\ncy.get('[data-test=\"input-name\"]').type(this.data.usuarioValido.nome);\ncy.get('[data-test=\"input-email\"]').type(emailUnico);\ncy.get('[data-test=\"input-password\"]').type(this.data.usuarioValido.senha);\ncy.get('[data-test=\"input-confirm-password\"]').type(this.data.usuarioValido.senha);\n// ainda pode deixar o click comentado até validar inputs\ncy.get('[data-test=\"submit-button\"]').click();",
              "err": {},
              "uuid": "51943781-be55-45c3-b668-2bba33ea7d42",
              "parentUUID": "5d6dfe64-4859-488a-932b-ce98872b7e34",
              "isHook": false,
              "skipped": false
            }
          ],
          "suites": [],
          "passes": [
            "51943781-be55-45c3-b668-2bba33ea7d42"
          ],
          "failures": [],
          "pending": [],
          "skipped": [],
          "duration": 4199,
          "root": false,
          "rootEmpty": false,
          "_timeout": 2000
        }
      ],
      "passes": [],
      "failures": [],
      "pending": [],
      "skipped": [],
      "duration": 0,
      "root": true,
      "rootEmpty": true,
      "_timeout": 2000
    }
  ],
  "meta": {
    "mocha": {
      "version": "7.2.0"
    },
    "mochawesome": {
      "options": {
        "quiet": false,
        "reportFilename": "mochawesome",
        "saveHtml": false,
        "saveJson": true,
        "consoleReporter": "spec",
        "useInlineDiffs": false,
        "code": true
      },
      "version": "7.1.4"
    },
    "marge": {
      "options": {
        "reportDir": "cypress/reports",
        "overwrite": false,
        "html": false,
        "json": true
      },
      "version": "6.3.2"
    }
  }
}