{
  "stats": {
    "suites": 1,
    "tests": 1,
    "passes": 1,
    "pending": 0,
    "failures": 0,
    "start": "2025-11-10T00:56:51.163Z",
    "end": "2025-11-10T00:56:54.698Z",
    "duration": 3535,
    "testsRegistered": 1,
    "passPercent": 100,
    "pendingPercent": 0,
    "other": 0,
    "hasOther": false,
    "skipped": 0,
    "hasSkipped": false
  },
  "results": [
    {
      "uuid": "3945a76f-b23b-4e53-9754-29c99890ba36",
      "title": "",
      "fullFile": "cypress/e2e/teste-login.cy.js",
      "file": "cypress/e2e/teste-login.cy.js",
      "beforeHooks": [],
      "afterHooks": [],
      "tests": [],
      "suites": [
        {
          "uuid": "e50df7cf-6c6b-4a8a-a55c-5ebe350ff88b",
          "title": "Teste de cadastro",
          "fullFile": "",
          "file": "",
          "beforeHooks": [],
          "afterHooks": [],
          "tests": [
            {
              "title": "Deve realizar cadastro corretamente na página do AdoPet",
              "fullTitle": "Teste de cadastro Deve realizar cadastro corretamente na página do AdoPet",
              "timedOut": null,
              "duration": 3491,
              "state": "passed",
              "speed": "fast",
              "pass": true,
              "fail": false,
              "pending": false,
              "context": null,
              "code": "cy.visit('https://adopet-frontend-cypress.vercel.app');\ncy.contains('Cadastrar').click();\nconst emailUnico = this.data.usuarioValido.email.replace('@', `+${Date.now()}@`);\ncy.get('[data-test=\"input-name\"]').type(this.data.usuarioValido.nome);\ncy.get('[data-test=\"input-email\"]').type(emailUnico);\ncy.get('[data-test=\"input-password\"]').type(this.data.usuarioValido.senha);\ncy.get('[data-test=\"input-confirm-password\"]').type(this.data.usuarioValido.senha);\n// ainda pode deixar o click comentado até validar inputs\n// cy.get('[data-test=\"submit-button\"]').click();",
              "err": {},
              "uuid": "8e8538a4-dcd9-4f66-844a-a3f1a90c0083",
              "parentUUID": "e50df7cf-6c6b-4a8a-a55c-5ebe350ff88b",
              "isHook": false,
              "skipped": false
            }
          ],
          "suites": [],
          "passes": [
            "8e8538a4-dcd9-4f66-844a-a3f1a90c0083"
          ],
          "failures": [],
          "pending": [],
          "skipped": [],
          "duration": 3491,
          "root": false,
          "rootEmpty": false,
          "_timeout": 2000
        }
      ],
      "passes": [],
      "failures": [],
      "pending": [],
      "skipped": [],
      "duration": 0,
      "root": true,
      "rootEmpty": true,
      "_timeout": 2000
    }
  ],
  "meta": {
    "mocha": {
      "version": "7.2.0"
    },
    "mochawesome": {
      "options": {
        "quiet": false,
        "reportFilename": "mochawesome",
        "saveHtml": false,
        "saveJson": true,
        "consoleReporter": "spec",
        "useInlineDiffs": false,
        "code": true
      },
      "version": "7.1.4"
    },
    "marge": {
      "options": {
        "reportDir": "cypress/reports",
        "overwrite": false,
        "html": false,
        "json": true
      },
      "version": "6.3.2"
    }
  }
}